<?xml version="1.0" encoding="UTF-8"?>
<!-- Generated by org.testng.reporters.JUnitReportReporter -->
<testsuite hostname="DESKTOP-FSF1HBS" failures="0" tests="3" name="maven.package1.SearchPhone" time="0.008" errors="0" timestamp="2020-07-30T16:41:24 PDT" skipped="0">
  <testcase classname="maven.package1.SearchPhone" name="select" time="0.002"/>
  <testcase classname="maven.package1.SearchPhone" name="phoneSearchTest" time="0.005"/>
  <testcase classname="maven.package1.SearchPhone" name="checkout" time="0.001"/>
</testsuite> <!-- maven.package1.SearchPhone -->
