<?xml version="1.0" encoding="UTF-8"?>
<!-- Generated by org.testng.reporters.JUnitReportReporter -->
<testsuite hostname="DESKTOP-FSF1HBS" failures="0" tests="3" name="maven.package2.SearchPhone" time="0.007" errors="0" timestamp="2020-07-30T18:05:24 PDT" skipped="0">
  <testcase classname="maven.package2.SearchPhone" name="phoneSearchTest" time="0.005"/>
  <testcase classname="maven.package2.SearchPhone" name="select" time="0.001"/>
  <testcase classname="maven.package2.SearchPhone" name="checkout" time="0.001"/>
</testsuite> <!-- maven.package2.SearchPhone -->
