<?xml version="1.0" encoding="UTF-8"?>
<!-- Generated by org.testng.reporters.JUnitReportReporter -->
<testsuite hostname="DESKTOP-FSF1HBS" failures="0" tests="3" name="pkg1.SearchPhone" time="0.012" errors="0" timestamp="2020-07-30T16:38:23 PDT" skipped="0">
  <testcase classname="pkg1.SearchPhone" name="select" time="0.001"/>
  <testcase classname="pkg1.SearchPhone" name="checkout" time="0.001"/>
  <testcase classname="pkg1.SearchPhone" name="phoneSearchTest" time="0.010"/>
</testsuite> <!-- pkg1.SearchPhone -->
