<?xml version="1.0" encoding="UTF-8"?>
<!-- Generated by org.testng.reporters.JUnitReportReporter -->
<testsuite hostname="DESKTOP-FSF1HBS" failures="0" tests="4" name="maven.package1.LoginTest" time="0.011" errors="0" timestamp="2020-07-30T18:05:24 PDT" skipped="0">
  <testcase classname="maven.package1.LoginTest" name="createUser" time="0.001"/>
  <testcase classname="maven.package1.LoginTest" name="deleteUser" time="0.001"/>
  <testcase classname="maven.package1.LoginTest" name="createUser" time="0.008"/>
  <testcase classname="maven.package1.LoginTest" name="deleteUser" time="0.001"/>
</testsuite> <!-- maven.package1.LoginTest -->
